2019-01-06 22:48:33.714  INFO 12200 --- [main] com.ssongman.DemoLoggingApplication      : Starting DemoLoggingApplication on DESKTOP-MSRERBM with PID 12200 (D:\workspace_STS\demoLogging\target\classes started by ssong in D:\workspace_STS\demoLogging)
2019-01-06 22:48:33.717  INFO 12200 --- [main] com.ssongman.DemoLoggingApplication      : No active profile set, falling back to default profiles: default
2019-01-06 22:48:34.565  INFO 12200 --- [main] o.s.b.w.embedded.tomcat.TomcatWebServer  : Tomcat initialized with port(s): 8080 (http)
2019-01-06 22:48:34.588  INFO 12200 --- [main] o.apache.catalina.core.StandardService   : Starting service [Tomcat]
2019-01-06 22:48:34.588  INFO 12200 --- [main] org.apache.catalina.core.StandardEngine  : Starting Servlet Engine: Apache Tomcat/9.0.13
2019-01-06 22:48:34.597  INFO 12200 --- [main] o.a.catalina.core.AprLifecycleListener   : The APR based Apache Tomcat Native library which allows optimal performance in production environments was not found on the java.library.path: [C:\Program Files\Java\jre1.8.0_191\bin;C:\Windows\Sun\Java\bin;C:\Windows\system32;C:\Windows;C:/Program Files/Java/jre1.8.0_191/bin/server;C:/Program Files/Java/jre1.8.0_191/bin;C:/Program Files/Java/jre1.8.0_191/lib/amd64;C:\ProgramData\DockerDesktop\version-bin;C:\Program Files\Docker\Docker\Resources\bin;C:\Program Files (x86)\Common Files\Oracle\Java\javapath;C:\Windows\system32;C:\Windows;C:\Windows\System32\Wbem;C:\Windows\System32\WindowsPowerShell\v1.0\;C:\Windows\System32\OpenSSH\;C:\Users\ssong\AppData\Local\Microsoft\WindowsApps;C:\Program Files (x86)\IDM Computer Solutions\UltraEdit\;C:\Program Files (x86)\ESTsoft\ALSee\x64;C:\Program Files_SONG\spring-tool-suite-4\sts-4.1.0.RELEASE;;.]
2019-01-06 22:48:34.701  INFO 12200 --- [main] o.a.c.c.C.[Tomcat].[localhost].[/]       : Initializing Spring embedded WebApplicationContext
2019-01-06 22:48:34.701  INFO 12200 --- [main] o.s.web.context.ContextLoader            : Root WebApplicationContext: initialization completed in 949 ms
2019-01-06 22:48:34.915  INFO 12200 --- [main] o.s.s.concurrent.ThreadPoolTaskExecutor  : Initializing ExecutorService 'applicationTaskExecutor'
2019-01-06 22:48:35.098  INFO 12200 --- [main] o.s.b.w.embedded.tomcat.TomcatWebServer  : Tomcat started on port(s): 8080 (http) with context path ''
2019-01-06 22:48:35.103  INFO 12200 --- [main] com.ssongman.DemoLoggingApplication      : Started DemoLoggingApplication in 1.783 seconds (JVM running for 2.792)
2019-01-06 22:55:09.367  INFO 12200 --- [RMI TCP Connection(16)-127.0.0.1] inMXBeanRegistrar$SpringApplicationAdmin : Application shutdown requested.
2019-01-06 22:55:09.370  INFO 12200 --- [RMI TCP Connection(16)-127.0.0.1] o.s.s.concurrent.ThreadPoolTaskExecutor  : Shutting down ExecutorService 'applicationTaskExecutor'
"2019-01-06 22:55:13 [main] INFO  com.ssongman.DemoLoggingApplication - Starting DemoLoggingApplication on DESKTOP-MSRERBM with PID 19624 (D:\workspace_STS\demoLogging\target\classes started by ssong in D:\workspace_STS\demoLogging)
""2019-01-06 22:55:13 [main] INFO  com.ssongman.DemoLoggingApplication - No active profile set, falling back to default profiles: default
""2019-01-06 22:55:14 [main] INFO  o.s.b.w.e.tomcat.TomcatWebServer - Tomcat initialized with port(s): 8080 (http)
""2019-01-06 22:55:14 [main] INFO  o.a.catalina.core.StandardService - Starting service [Tomcat]
""2019-01-06 22:55:14 [main] INFO  o.a.catalina.core.StandardEngine - Starting Servlet Engine: Apache Tomcat/9.0.13
""2019-01-06 22:55:14 [main] INFO  o.a.c.core.AprLifecycleListener - The APR based Apache Tomcat Native library which allows optimal performance in production environments was not found on the java.library.path: [C:\Program Files\Java\jre1.8.0_191\bin;C:\Windows\Sun\Java\bin;C:\Windows\system32;C:\Windows;C:/Program Files/Java/jre1.8.0_191/bin/server;C:/Program Files/Java/jre1.8.0_191/bin;C:/Program Files/Java/jre1.8.0_191/lib/amd64;C:\ProgramData\DockerDesktop\version-bin;C:\Program Files\Docker\Docker\Resources\bin;C:\Program Files (x86)\Common Files\Oracle\Java\javapath;C:\Windows\system32;C:\Windows;C:\Windows\System32\Wbem;C:\Windows\System32\WindowsPowerShell\v1.0\;C:\Windows\System32\OpenSSH\;C:\Users\ssong\AppData\Local\Microsoft\WindowsApps;C:\Program Files (x86)\IDM Computer Solutions\UltraEdit\;C:\Program Files (x86)\ESTsoft\ALSee\x64;C:\Program Files_SONG\spring-tool-suite-4\sts-4.1.0.RELEASE;;.]
""2019-01-06 22:55:14 [main] INFO  o.a.c.c.C.[Tomcat].[localhost].[/] - Initializing Spring embedded WebApplicationContext
""2019-01-06 22:55:14 [main] INFO  o.s.web.context.ContextLoader - Root WebApplicationContext: initialization completed in 832 ms
""2019-01-06 22:55:14 [main] INFO  o.s.s.c.ThreadPoolTaskExecutor - Initializing ExecutorService 'applicationTaskExecutor'
""2019-01-06 22:55:14 [main] INFO  o.s.b.w.e.tomcat.TomcatWebServer - Tomcat started on port(s): 8080 (http) with context path ''
""2019-01-06 22:55:14 [main] INFO  com.ssongman.DemoLoggingApplication - Started DemoLoggingApplication in 1.509 seconds (JVM running for 2.445)
""2019-01-06 22:59:30 [RMI TCP Connection(14)-127.0.0.1] INFO  o.s.b.a.SpringApplicationAdminMXBeanRegistrar$SpringApplicationAdmin - Application shutdown requested.
""2019-01-06 22:59:30 [RMI TCP Connection(14)-127.0.0.1] INFO  o.s.s.c.ThreadPoolTaskExecutor - Shutting down ExecutorService 'applicationTaskExecutor'
"